





nexec: Error accessing host PN90PDC: No authorization to access host
//PN90PDC/: No authorization to access host
Unable to access PN90PDC: No authorization to access host

nexec: Error accessing host PN91PDC: No authorization to access host
//PN91PDC/: No authorization to access host
Unable to access PN91PDC: No authorization to access host











nexec: Error accessing host PN9DKDC: No authorization to access host
//PN9DKDC/: No authorization to access host
Unable to access PN9DKDC: No authorization to access host

nexec: Error accessing host PN9EKDC: No authorization to access host
//PN9EKDC/: No authorization to access host
Unable to access PN9EKDC: No authorization to access host

nexec: Error accessing host PN9FKDC: No authorization to access host
//PN9FKDC/: No authorization to access host
Unable to access PN9FKDC: No authorization to access host

nexec: Error accessing host PNA0KDC: No authorization to access host
//PNA0KDC/: No authorization to access host
Unable to access PNA0KDC: No authorization to access host

nexec: Error accessing host PNA1PDC: No authorization to access host
//PNA1PDC/: No authorization to access host
Unable to access PNA1PDC: No authorization to access host

nexec: Error accessing host PNA2PDC: No authorization to access host
//PNA2PDC/: No authorization to access host
Unable to access PNA2PDC: No authorization to access host

nexec: Error accessing host PNA3PDC: No authorization to access host
//PNA3PDC/: No authorization to access host
Unable to access PNA3PDC: No authorization to access host

nexec: Error accessing host PNA4PDC: No authorization to access host
//PNA4PDC/: No authorization to access host
Unable to access PNA4PDC: No authorization to access host



