







nexec: Error accessing host PNA1PDC: No authorization to access host
//PNA1PDC/: No authorization to access host
Unable to access PNA1PDC: No authorization to access host

nexec: Error accessing host PNA2PDC: No authorization to access host
//PNA2PDC/: No authorization to access host
Unable to access PNA2PDC: No authorization to access host

nexec: Error accessing host PNA3PDC: No authorization to access host
//PNA3PDC/: No authorization to access host
Unable to access PNA3PDC: No authorization to access host

nexec: Error accessing host PNA4PDC: No authorization to access host
//PNA4PDC/: No authorization to access host
Unable to access PNA4PDC: No authorization to access host

nexec: Error accessing host PN90PDC: No authorization to access host
//PN90PDC/: No authorization to access host
Unable to access PN90PDC: No authorization to access host

nexec: Error accessing host PN91PDC: No authorization to access host
//PN91PDC/: No authorization to access host
Unable to access PN91PDC: No authorization to access host



nexec: Error accessing host PN95KDC: No authorization to access host
//PN95KDC/: No authorization to access host
Unable to access PN95KDC: No authorization to access host

nexec: Error accessing host PN96KDC: No authorization to access host
//PN96KDC/: No authorization to access host
Unable to access PN96KDC: No authorization to access host

nexec: Error accessing host PN92KDC: No authorization to access host
//PN92KDC/: No authorization to access host
Unable to access PN92KDC: No authorization to access host

nexec: Error accessing host PN94KDC: No authorization to access host
//PN94KDC/: No authorization to access host
Unable to access PN94KDC: No authorization to access host

nexec: Error accessing host PN89KDC: No authorization to access host
//PN89KDC/: No authorization to access host
Unable to access PN89KDC: No authorization to access host

nexec: Error accessing host PN8AKDC: No authorization to access host
//PN8AKDC/: No authorization to access host
Unable to access PN8AKDC: No authorization to access host

nexec: Error accessing host PNA5KDC: No authorization to access host
//PNA5KDC/: No authorization to access host
Unable to access PNA5KDC: No authorization to access host

nexec: Error accessing host PNA6KDC: No authorization to access host
//PNA6KDC/: No authorization to access host
Unable to access PNA6KDC: No authorization to access host

nexec: Error accessing host PN9FKDC: No authorization to access host
//PN9FKDC/: No authorization to access host
Unable to access PN9FKDC: No authorization to access host

nexec: Error accessing host PNA0KDC: No authorization to access host
//PNA0KDC/: No authorization to access host
Unable to access PNA0KDC: No authorization to access host

nexec: Error accessing host PN9BKDC: I/O error
//PN9BKDC/: I/O error
Unable to access PN9BKDC: I/O error

nexec: Error accessing host PN9EKDC: No authorization to access host
//PN9EKDC/: No authorization to access host
Unable to access PN9EKDC: No authorization to access host

